2024-02-16T03:11:00.935Z 0: 

----------------------------------------------
2024-02-16T03:11:00.947Z 1: Discord starting: {"releaseChannel":"stable","version":"0.0.43"}, modulepath: /home/eddieberman/.config/discord/0.0.43/modules
2024-02-16T03:11:00.952Z 2: ✅ webContents.created web1 ""
2024-02-16T03:11:00.956Z 3: ✅ window.created win1 "discord"
2024-02-16T03:11:01.657Z 4: ✅ webContents.did-finish-load web1
2024-02-16T03:11:06.983Z 5: ✅ webContents.created web2 ""
2024-02-16T03:11:07.024Z 6: ✅ window.created win2 "Discord"
2024-02-16T03:11:08.156Z 7: ✅ webContents.did-finish-load web2
2024-02-16T03:11:08.269Z 8: window.close win1
2024-02-16T03:11:08.278Z 9: webContents.destroyed web1
2024-02-16T03:11:08.284Z 10: window.closed win1
2024-02-16T03:11:09.254Z 11: ✅ webContents.did-finish-load web2
2024-02-16T03:11:19.156Z 12: before-quit
2024-02-16T03:11:19.165Z 13: window.close win2
2024-02-16T03:20:17.707Z 0: 

----------------------------------------------
2024-02-16T03:20:17.717Z 1: Discord starting: {"releaseChannel":"stable","version":"0.0.43"}, modulepath: /home/eddieberman/.config/discord/0.0.43/modules
2024-02-16T03:20:17.727Z 2: ✅ webContents.created web1 ""
2024-02-16T03:20:17.731Z 3: ✅ window.created win1 "discord"
2024-02-16T03:20:18.465Z 4: ✅ webContents.did-finish-load web1
2024-02-16T03:20:18.614Z 5: ✅ webContents.created web2 ""
2024-02-16T03:20:18.668Z 6: ✅ window.created win2 "Discord"
2024-02-16T03:20:20.094Z 7: ✅ webContents.did-finish-load web2
2024-02-16T03:20:20.194Z 8: window.close win1
2024-02-16T03:20:20.199Z 9: webContents.destroyed web1
2024-02-16T03:20:20.200Z 10: window.closed win1
2024-02-16T03:20:28.115Z 11: window.close win2
2024-02-16T04:45:55.673Z 12: before-quit
2024-02-17T14:54:49.210Z 0: 

----------------------------------------------
2024-02-17T14:54:49.226Z 1: Discord starting: {"releaseChannel":"stable","version":"0.0.43"}, modulepath: /home/eddieberman/.config/discord/0.0.43/modules
2024-02-17T14:54:49.243Z 2: ✅ webContents.created web1 ""
2024-02-17T14:54:49.245Z 3: ✅ window.created win1 "discord"
2024-02-17T14:54:49.939Z 4: ✅ webContents.did-finish-load web1
2024-02-17T14:54:50.040Z 5: ✅ webContents.created web2 ""
2024-02-17T14:54:50.087Z 6: ✅ window.created win2 "Discord"
2024-02-17T14:54:51.687Z 7: ✅ webContents.did-finish-load web2
2024-02-17T14:54:51.787Z 8: window.close win1
2024-02-17T14:54:51.796Z 9: webContents.destroyed web1
2024-02-17T14:54:51.797Z 10: window.closed win1
