00:00:00.001569 main     VirtualBox XPCOM Server 7.0.8_Ubuntu r156879 linux.amd64 (Jul  7 2023 19:03:10) release log
00:00:00.001573 main     Log opened 2023-07-28T20:00:15.334929000Z
00:00:00.001574 main     Build Type: release
00:00:00.001577 main     OS Product: Linux
00:00:00.001578 main     OS Release: 6.2.6-76060206-generic
00:00:00.001579 main     OS Version: #202303130630~1689015125~22.04~ab2190e SMP PREEMPT_DYNAMIC Mon J
00:00:00.001619 main     DMI Product Name: Lemur Pro
00:00:00.001626 main     DMI Product Version: lemp11
00:00:00.001632 main     Firmware type: UEFI
00:00:00.001644 main     Secure Boot: Disabled
00:00:00.001689 main     Host RAM: 15829MB (15.4GB) total, 8005MB (7.8GB) available
00:00:00.001692 main     Executable: /usr/lib/virtualbox/VBoxSVC
00:00:00.001692 main     Process ID: 299117
00:00:00.001692 main     Package type: LINUX_64BITS_GENERIC (OSE)
00:00:00.003068 main     IPC socket path: /tmp/.vbox-eddieberman-ipc/ipcd
00:00:00.110973 nspr-2   VirtualBox: object creation starts
00:00:00.112968 nspr-2   Home directory: '/home/eddieberman/.config/VirtualBox'
00:00:00.113943 nspr-2   Loading settings file "/home/eddieberman/.config/VirtualBox/VirtualBox.xml" with version "1.12-linux"
00:00:00.119602 nspr-2   Failed to retrive disk info: getDiskName(/dev/mapper/data-root) --> data-root
00:00:00.130370 nspr-2   NetIfAdpCtlOut: VBoxNetAdpCtl: Error while retrieving link speed for wlp0s20f3: VBoxNetAdpCtl: ioctl failed: Operation not supported
00:00:00.132495 nspr-2   HostDnsMonitor: initializing
00:00:00.132790 nspr-2   NAT: resolv.conf: nameserver 127.0.0.53
00:00:00.132817 nspr-2   NAT: resolv.conf: ignoring "options edns0 trust-ad"
00:00:00.132835 nspr-2   HostDnsMonitor: updating information
00:00:00.132867 nspr-2   HostDnsMonitor: old information
00:00:00.132871 nspr-2     no server entries
00:00:00.132874 nspr-2     no domain set
00:00:00.132876 nspr-2     no search string entries
00:00:00.132877 nspr-2   HostDnsMonitor: new information
00:00:00.132879 nspr-2     server 1: 127.0.0.53
00:00:00.132881 nspr-2     domain: neu.edu
00:00:00.132884 nspr-2     search string 1: neu.edu
00:00:00.136887 nspr-2   VD: VDInit finished with VINF_SUCCESS
00:00:00.137637 nspr-2   ERROR [COM]: aRC=NS_ERROR_FAILURE (0x80004005) aIID={aac6c7cb-a371-4c58-ab51-0616896b2f2c} aComponent={SystemPropertiesWrap} aText={Cannot determine default Guest Additions ISO location. Most likely they are not available}, preserve=false aResultDetail=0
00:00:00.140352 nspr-2   VirtualBox: object created
00:00:00.715818 nspr-3   WARNING [COM]: aRC=NS_ERROR_FAILURE (0x80004005) aIID={e54f6256-97a7-4947-8a78-10c013ddf4b8} aComponent={HostWrap} aText={VirtualBox is not currently allowed to access USB devices.  You can change this by adding your user to the 'vboxusers' group.  Please see the user manual for a more detailed explanation}, preserve=false aResultDetail=0
00:00:01.244735 nspr-2   Saving settings file "/home/eddieberman/.config/VirtualBox/VirtualBox.xml" with version "1.12-linux"
00:00:01.246620 nspr-2   Finished saving settings file "/home/eddieberman/.config/VirtualBox/VirtualBox.xml"
00:00:13.263558 main     VirtualBox: object deletion starts
00:00:13.263903 main     HostDnsMonitor: shutting down ...
00:00:13.264074 main     HostDnsMonitor: shut down
00:00:13.274732 Watcher  ERROR [COM]: aRC=E_ACCESSDENIED (0x80070005) aIID={7682d5eb-f00e-44f1-8ca2-99d08b1cd607} aComponent={VirtualBoxWrap} aText={The object is not ready}, preserve=false aResultDetail=0
00:00:13.274822 main     VirtualBox: object deleted
